# JRE version: OpenJDK Runtime Environment (8.0_242-b01) (build 1.8.0_242-release-1644-b01)
# Java VM: OpenJDK 64-Bit Server VM (25.242-b01 mixed mode windows-amd64 compressed oops)
Heap:
 PSYoungGen      total 474112K, used 15661K [0x00000000d5580000, 0x00000000f9f80000, 0x0000000100000000)
  eden space 399872K, 3% used [0x00000000d5580000,0x00000000d64cb428,0x00000000edc00000)
  from space 74240K, 0% used [0x00000000f2a80000,0x00000000f2a80000,0x00000000f7300000)
  to   space 80384K, 0% used [0x00000000edc00000,0x00000000edc00000,0x00000000f2a80000)
 ParOldGen       total 243712K, used 109579K [0x0000000080000000, 0x000000008ee00000, 0x00000000d5580000)
  object space 243712K, 44% used [0x0000000080000000,0x0000000086b02c70,0x000000008ee00000)
 Metaspace       used 94320K, capacity 98768K, committed 100264K, reserved 1136640K
  class space    used 12640K, capacity 13481K, committed 13744K, reserved 1048576K
GC Heap History (10 events):
Event: 116.226 GC heap before
{Heap before GC invocations=26 (full 3):
 PSYoungGen      total 391168K, used 390547K [0x00000000d5580000, 0x00000000f0d80000, 0x0000000100000000)
  eden space 345088K, 100% used [0x00000000d5580000,0x00000000ea680000,0x00000000ea680000)
  from space 46080K, 98% used [0x00000000eda00000,0x00000000f0664f98,0x00000000f0700000)
  to   space 52736K, 0% used [0x00000000ea680000,0x00000000ea680000,0x00000000eda00000)
 ParOldGen       total 141824K, used 80620K [0x0000000080000000, 0x0000000088a80000, 0x00000000d5580000)
  object space 141824K, 56% used [0x0000000080000000,0x0000000084ebb118,0x0000000088a80000)
 Metaspace       used 90121K, capacity 95214K, committed 95272K, reserved 1132544K
  class space    used 12142K, capacity 13048K, committed 13104K, reserved 1048576K
Event: 116.259 GC heap after
Heap after GC invocations=26 (full 3):
 PSYoungGen      total 397824K, used 49888K [0x00000000d5580000, 0x00000000f4480000, 0x0000000100000000)
  eden space 345088K, 0% used [0x00000000d5580000,0x00000000d5580000,0x00000000ea680000)
  from space 52736K, 94% used [0x00000000ea680000,0x00000000ed738250,0x00000000eda00000)
  to   space 60416K, 0% used [0x00000000f0980000,0x00000000f0980000,0x00000000f4480000)
 ParOldGen       total 141824K, used 80628K [0x0000000080000000, 0x0000000088a80000, 0x00000000d5580000)
  object space 141824K, 56% used [0x0000000080000000,0x0000000084ebd118,0x0000000088a80000)
 Metaspace       used 90121K, capacity 95214K, committed 95272K, reserved 1132544K
  class space    used 12142K, capacity 13048K, committed 13104K, reserved 1048576K
}
Event: 124.398 GC heap before
{Heap before GC invocations=27 (full 3):
 PSYoungGen      total 397824K, used 394976K [0x00000000d5580000, 0x00000000f4480000, 0x0000000100000000)
  eden space 345088K, 100% used [0x00000000d5580000,0x00000000ea680000,0x00000000ea680000)
  from space 52736K, 94% used [0x00000000ea680000,0x00000000ed738250,0x00000000eda00000)
  to   space 60416K, 0% used [0x00000000f0980000,0x00000000f0980000,0x00000000f4480000)
 ParOldGen       total 141824K, used 80628K [0x0000000080000000, 0x0000000088a80000, 0x00000000d5580000)
  object space 141824K, 56% used [0x0000000080000000,0x0000000084ebd118,0x0000000088a80000)
 Metaspace       used 91785K, capacity 97052K, committed 97320K, reserved 1132544K
  class space    used 12361K, capacity 13309K, committed 13360K, reserved 1048576K
Event: 124.457 GC heap after
Heap after GC invocations=27 (full 3):
 PSYoungGen      total 439808K, used 52745K [0x00000000d5580000, 0x00000000f4e00000, 0x0000000100000000)
  eden space 379392K, 0% used [0x00000000d5580000,0x00000000d5580000,0x00000000ec800000)
  from space 60416K, 87% used [0x00000000f0980000,0x00000000f3d02548,0x00000000f4480000)
  to   space 67072K, 0% used [0x00000000ec800000,0x00000000ec800000,0x00000000f0980000)
 ParOldGen       total 141824K, used 80636K [0x0000000080000000, 0x0000000088a80000, 0x00000000d5580000)
  object space 141824K, 56% used [0x0000000080000000,0x0000000084ebf118,0x0000000088a80000)
 Metaspace       used 91785K, capacity 97052K, committed 97320K, reserved 1132544K
  class space    used 12361K, capacity 13309K, committed 13360K, reserved 1048576K
}
Event: 132.485 GC heap before
{Heap before GC invocations=28 (full 3):
 PSYoungGen      total 439808K, used 432137K [0x00000000d5580000, 0x00000000f4e00000, 0x0000000100000000)
  eden space 379392K, 100% used [0x00000000d5580000,0x00000000ec800000,0x00000000ec800000)
  from space 60416K, 87% used [0x00000000f0980000,0x00000000f3d02548,0x00000000f4480000)
  to   space 67072K, 0% used [0x00000000ec800000,0x00000000ec800000,0x00000000f0980000)
 ParOldGen       total 141824K, used 80636K [0x0000000080000000, 0x0000000088a80000, 0x00000000d5580000)
  object space 141824K, 56% used [0x0000000080000000,0x0000000084ebf118,0x0000000088a80000)
 Metaspace       used 92365K, capacity 97598K, committed 97832K, reserved 1134592K
  class space    used 12409K, capacity 13354K, committed 13360K, reserved 1048576K
Event: 132.511 GC heap after
Heap after GC invocations=28 (full 3):
 PSYoungGen      total 446464K, used 57316K [0x00000000d5580000, 0x00000000f7300000, 0x0000000100000000)
  eden space 379392K, 0% used [0x00000000d5580000,0x00000000d5580000,0x00000000ec800000)
  from space 67072K, 85% used [0x00000000ec800000,0x00000000efff9320,0x00000000f0980000)
  to   space 74240K, 0% used [0x00000000f2a80000,0x00000000f2a80000,0x00000000f7300000)
 ParOldGen       total 141824K, used 80644K [0x0000000080000000, 0x0000000088a80000, 0x00000000d5580000)
  object space 141824K, 56% used [0x0000000080000000,0x0000000084ec1118,0x0000000088a80000)
 Metaspace       used 92365K, capacity 97598K, committed 97832K, reserved 1134592K
  class space    used 12409K, capacity 13354K, committed 13360K, reserved 1048576K
}
Event: 132.724 GC heap before
{Heap before GC invocations=29 (full 3):
 PSYoungGen      total 446464K, used 122515K [0x00000000d5580000, 0x00000000f7300000, 0x0000000100000000)
  eden space 379392K, 17% used [0x00000000d5580000,0x00000000d952b950,0x00000000ec800000)
  from space 67072K, 85% used [0x00000000ec800000,0x00000000efff9320,0x00000000f0980000)
  to   space 74240K, 0% used [0x00000000f2a80000,0x00000000f2a80000,0x00000000f7300000)
 ParOldGen       total 141824K, used 80644K [0x0000000080000000, 0x0000000088a80000, 0x00000000d5580000)
  object space 141824K, 56% used [0x0000000080000000,0x0000000084ec1118,0x0000000088a80000)
 Metaspace       used 93139K, capacity 98536K, committed 98600K, reserved 1134592K
  class space    used 12525K, capacity 13475K, committed 13488K, reserved 1048576K
Event: 132.752 GC heap after
Heap after GC invocations=29 (full 3):
 PSYoungGen      total 474112K, used 59663K [0x00000000d5580000, 0x00000000f9f80000, 0x0000000100000000)
  eden space 399872K, 0% used [0x00000000d5580000,0x00000000d5580000,0x00000000edc00000)
  from space 74240K, 80% used [0x00000000f2a80000,0x00000000f64c3ea0,0x00000000f7300000)
  to   space 80384K, 0% used [0x00000000edc00000,0x00000000edc00000,0x00000000f2a80000)
 ParOldGen       total 141824K, used 80652K [0x0000000080000000, 0x0000000088a80000, 0x00000000d5580000)
  object space 141824K, 56% used [0x0000000080000000,0x0000000084ec3118,0x0000000088a80000)
 Metaspace       used 93139K, capacity 98536K, committed 98600K, reserved 1134592K
  class space    used 12525K, capacity 13475K, committed 13488K, reserved 1048576K
}
Event: 132.752 GC heap before
{Heap before GC invocations=30 (full 4):
 PSYoungGen      total 474112K, used 59663K [0x00000000d5580000, 0x00000000f9f80000, 0x0000000100000000)
  eden space 399872K, 0% used [0x00000000d5580000,0x00000000d5580000,0x00000000edc00000)
  from space 74240K, 80% used [0x00000000f2a80000,0x00000000f64c3ea0,0x00000000f7300000)
  to   space 80384K, 0% used [0x00000000edc00000,0x00000000edc00000,0x00000000f2a80000)
 ParOldGen       total 141824K, used 80652K [0x0000000080000000, 0x0000000088a80000, 0x00000000d5580000)
  object space 141824K, 56% used [0x0000000080000000,0x0000000084ec3118,0x0000000088a80000)
 Metaspace       used 93139K, capacity 98536K, committed 98600K, reserved 1134592K
  class space    used 12525K, capacity 13475K, committed 13488K, reserved 1048576K
Event: 134.542 GC heap after
Heap after GC invocations=30 (full 4):
 PSYoungGen      total 474112K, used 0K [0x00000000d5580000, 0x00000000f9f80000, 0x0000000100000000)
  eden space 399872K, 0% used [0x00000000d5580000,0x00000000d5580000,0x00000000edc00000)
  from space 74240K, 0% used [0x00000000f2a80000,0x00000000f2a80000,0x00000000f7300000)
  to   space 80384K, 0% used [0x00000000edc00000,0x00000000edc00000,0x00000000f2a80000)
 ParOldGen       total 243712K, used 109579K [0x0000000080000000, 0x000000008ee00000, 0x00000000d5580000)
  object space 243712K, 44% used [0x0000000080000000,0x0000000086b02c70,0x000000008ee00000)
 Metaspace       used 92577K, capacity 96858K, committed 98600K, reserved 1134592K
  class space    used 12345K, capacity 13160K, committed 13488K, reserved 1048576K
}

