# JRE version: Java(TM) SE Runtime Environment (8.0_201-b09) (build 1.8.0_201-b09)
# Java VM: Java HotSpot(TM) 64-Bit Server VM (25.201-b09 mixed mode linux-amd64 compressed oops)
Heap:
 PSYoungGen      total 471040K, used 67051K [0x00000000d5580000, 0x00000000f6c80000, 0x0000000100000000)
  eden space 403968K, 0% used [0x00000000d5580000,0x00000000d5580000,0x00000000ee000000)
  from space 67072K, 99% used [0x00000000ee000000,0x00000000f217afd0,0x00000000f2180000)
  to   space 60416K, 0% used [0x00000000f2180000,0x00000000f2180000,0x00000000f5c80000)
 ParOldGen       total 175616K, used 96830K [0x0000000080000000, 0x000000008ab80000, 0x00000000d5580000)
  object space 175616K, 55% used [0x0000000080000000,0x0000000085e8f9c8,0x000000008ab80000)
 Metaspace       used 80642K, capacity 84004K, committed 84352K, reserved 1122304K
  class space    used 10927K, capacity 11611K, committed 11648K, reserved 1048576K
GC Heap History (10 events):
Event: 16.853 GC heap after
Heap after GC invocations=13 (full 3):
 PSYoungGen      total 299520K, used 25236K [0x00000000d5580000, 0x00000000e9a80000, 0x0000000100000000)
  eden space 273408K, 0% used [0x00000000d5580000,0x00000000d5580000,0x00000000e6080000)
  from space 26112K, 96% used [0x00000000e8100000,0x00000000e99a5348,0x00000000e9a80000)
  to   space 29696K, 0% used [0x00000000e6080000,0x00000000e6080000,0x00000000e7d80000)
 ParOldGen       total 175616K, used 39002K [0x0000000080000000, 0x000000008ab80000, 0x00000000d5580000)
  object space 175616K, 22% used [0x0000000080000000,0x0000000082616b38,0x000000008ab80000)
 Metaspace       used 68231K, capacity 71164K, committed 71424K, reserved 1110016K
  class space    used 9554K, capacity 10135K, committed 10240K, reserved 1048576K
}
Event: 19.878 GC heap before
{Heap before GC invocations=14 (full 3):
 PSYoungGen      total 299520K, used 298644K [0x00000000d5580000, 0x00000000e9a80000, 0x0000000100000000)
  eden space 273408K, 100% used [0x00000000d5580000,0x00000000e6080000,0x00000000e6080000)
  from space 26112K, 96% used [0x00000000e8100000,0x00000000e99a5348,0x00000000e9a80000)
  to   space 29696K, 0% used [0x00000000e6080000,0x00000000e6080000,0x00000000e7d80000)
 ParOldGen       total 175616K, used 39002K [0x0000000080000000, 0x000000008ab80000, 0x00000000d5580000)
  object space 175616K, 22% used [0x0000000080000000,0x0000000082616b38,0x000000008ab80000)
 Metaspace       used 68812K, capacity 71710K, committed 71936K, reserved 1112064K
  class space    used 9563K, capacity 10142K, committed 10240K, reserved 1048576K
Event: 19.936 GC heap after
Heap after GC invocations=14 (full 3):
 PSYoungGen      total 303104K, used 27597K [0x00000000d5580000, 0x00000000ee700000, 0x0000000100000000)
  eden space 273408K, 0% used [0x00000000d5580000,0x00000000d5580000,0x00000000e6080000)
  from space 29696K, 92% used [0x00000000e6080000,0x00000000e7b734f0,0x00000000e7d80000)
  to   space 33280K, 0% used [0x00000000ec680000,0x00000000ec680000,0x00000000ee700000)
 ParOldGen       total 175616K, used 39074K [0x0000000080000000, 0x000000008ab80000, 0x00000000d5580000)
  object space 175616K, 22% used [0x0000000080000000,0x0000000082628b48,0x000000008ab80000)
 Metaspace       used 68812K, capacity 71710K, committed 71936K, reserved 1112064K
  class space    used 9563K, capacity 10142K, committed 10240K, reserved 1048576K
}
Event: 23.025 GC heap before
{Heap before GC invocations=15 (full 3):
 PSYoungGen      total 303104K, used 301005K [0x00000000d5580000, 0x00000000ee700000, 0x0000000100000000)
  eden space 273408K, 100% used [0x00000000d5580000,0x00000000e6080000,0x00000000e6080000)
  from space 29696K, 92% used [0x00000000e6080000,0x00000000e7b734f0,0x00000000e7d80000)
  to   space 33280K, 0% used [0x00000000ec680000,0x00000000ec680000,0x00000000ee700000)
 ParOldGen       total 175616K, used 39074K [0x0000000080000000, 0x000000008ab80000, 0x00000000d5580000)
  object space 175616K, 22% used [0x0000000080000000,0x0000000082628b48,0x000000008ab80000)
 Metaspace       used 70791K, capacity 73860K, committed 73984K, reserved 1112064K
  class space    used 9779K, capacity 10399K, committed 10496K, reserved 1048576K
Event: 23.126 GC heap after
Heap after GC invocations=15 (full 3):
 PSYoungGen      total 355840K, used 33260K [0x00000000d5580000, 0x00000000f1480000, 0x0000000100000000)
  eden space 322560K, 0% used [0x00000000d5580000,0x00000000d5580000,0x00000000e9080000)
  from space 33280K, 99% used [0x00000000ec680000,0x00000000ee6fb008,0x00000000ee700000)
  to   space 55296K, 0% used [0x00000000e9080000,0x00000000e9080000,0x00000000ec680000)
 ParOldGen       total 175616K, used 86235K [0x0000000080000000, 0x000000008ab80000, 0x00000000d5580000)
  object space 175616K, 49% used [0x0000000080000000,0x0000000085436cd0,0x000000008ab80000)
 Metaspace       used 70791K, capacity 73860K, committed 73984K, reserved 1112064K
  class space    used 9779K, capacity 10399K, committed 10496K, reserved 1048576K
}
Event: 26.620 GC heap before
{Heap before GC invocations=16 (full 3):
 PSYoungGen      total 355840K, used 355820K [0x00000000d5580000, 0x00000000f1480000, 0x0000000100000000)
  eden space 322560K, 100% used [0x00000000d5580000,0x00000000e9080000,0x00000000e9080000)
  from space 33280K, 99% used [0x00000000ec680000,0x00000000ee6fb008,0x00000000ee700000)
  to   space 55296K, 0% used [0x00000000e9080000,0x00000000e9080000,0x00000000ec680000)
 ParOldGen       total 175616K, used 86235K [0x0000000080000000, 0x000000008ab80000, 0x00000000d5580000)
  object space 175616K, 49% used [0x0000000080000000,0x0000000085436cd0,0x000000008ab80000)
 Metaspace       used 75150K, capacity 78382K, committed 78592K, reserved 1116160K
  class space    used 10298K, capacity 10966K, committed 11008K, reserved 1048576K
Event: 26.727 GC heap after
Heap after GC invocations=16 (full 3):
 PSYoungGen      total 377856K, used 44955K [0x00000000d5580000, 0x00000000f5c80000, 0x0000000100000000)
  eden space 322560K, 0% used [0x00000000d5580000,0x00000000d5580000,0x00000000e9080000)
  from space 55296K, 81% used [0x00000000e9080000,0x00000000ebc66d28,0x00000000ec680000)
  to   space 60416K, 0% used [0x00000000f2180000,0x00000000f2180000,0x00000000f5c80000)
 ParOldGen       total 175616K, used 86243K [0x0000000080000000, 0x000000008ab80000, 0x00000000d5580000)
  object space 175616K, 49% used [0x0000000080000000,0x0000000085438cd0,0x000000008ab80000)
 Metaspace       used 75150K, capacity 78382K, committed 78592K, reserved 1116160K
  class space    used 10298K, capacity 10966K, committed 11008K, reserved 1048576K
}
Event: 30.285 GC heap before
{Heap before GC invocations=17 (full 3):
 PSYoungGen      total 377856K, used 367515K [0x00000000d5580000, 0x00000000f5c80000, 0x0000000100000000)
  eden space 322560K, 100% used [0x00000000d5580000,0x00000000e9080000,0x00000000e9080000)
  from space 55296K, 81% used [0x00000000e9080000,0x00000000ebc66d28,0x00000000ec680000)
  to   space 60416K, 0% used [0x00000000f2180000,0x00000000f2180000,0x00000000f5c80000)
 ParOldGen       total 175616K, used 86243K [0x0000000080000000, 0x000000008ab80000, 0x00000000d5580000)
  object space 175616K, 49% used [0x0000000080000000,0x0000000085438cd0,0x000000008ab80000)
 Metaspace       used 79470K, capacity 82802K, committed 82944K, reserved 1120256K
  class space    used 10826K, capacity 11490K, committed 11520K, reserved 1048576K
Event: 30.414 GC heap after
Heap after GC invocations=17 (full 3):
 PSYoungGen      total 464384K, used 52394K [0x00000000d5580000, 0x00000000f6c80000, 0x0000000100000000)
  eden space 403968K, 0% used [0x00000000d5580000,0x00000000d5580000,0x00000000ee000000)
  from space 60416K, 86% used [0x00000000f2180000,0x00000000f54aa868,0x00000000f5c80000)
  to   space 67072K, 0% used [0x00000000ee000000,0x00000000ee000000,0x00000000f2180000)
 ParOldGen       total 175616K, used 86251K [0x0000000080000000, 0x000000008ab80000, 0x00000000d5580000)
  object space 175616K, 49% used [0x0000000080000000,0x000000008543acd0,0x000000008ab80000)
 Metaspace       used 79470K, capacity 82802K, committed 82944K, reserved 1120256K
  class space    used 10826K, capacity 11490K, committed 11520K, reserved 1048576K
}
Event: 40.219 GC heap before
{Heap before GC invocations=18 (full 3):
 PSYoungGen      total 464384K, used 456362K [0x00000000d5580000, 0x00000000f6c80000, 0x0000000100000000)
  eden space 403968K, 100% used [0x00000000d5580000,0x00000000ee000000,0x00000000ee000000)
  from space 60416K, 86% used [0x00000000f2180000,0x00000000f54aa868,0x00000000f5c80000)
  to   space 67072K, 0% used [0x00000000ee000000,0x00000000ee000000,0x00000000f2180000)
 ParOldGen       total 175616K, used 86251K [0x0000000080000000, 0x000000008ab80000, 0x00000000d5580000)
  object space 175616K, 49% used [0x0000000080000000,0x000000008543acd0,0x000000008ab80000)
 Metaspace       used 80642K, capacity 84004K, committed 84352K, reserved 1122304K
  class space    used 10927K, capacity 11611K, committed 11648K, reserved 1048576K

