# JRE version: OpenJDK Runtime Environment (8.0_242-b01) (build 1.8.0_242-release-1644-b01)
# Java VM: OpenJDK 64-Bit Server VM (25.242-b01 mixed mode windows-amd64 compressed oops)
Heap:
 PSYoungGen      total 561664K, used 367793K [0x00000000d5580000, 0x00000000fd200000, 0x0000000100000000)
  eden space 501248K, 73% used [0x00000000d5580000,0x00000000ebcac508,0x00000000f3f00000)
  from space 60416K, 0% used [0x00000000f3f00000,0x00000000f3f00000,0x00000000f7a00000)
  to   space 42496K, 0% used [0x00000000f7a00000,0x00000000f7a00000,0x00000000fa380000)
 ParOldGen       total 184832K, used 157877K [0x0000000080000000, 0x000000008b480000, 0x00000000d5580000)
  object space 184832K, 85% used [0x0000000080000000,0x0000000089a2d6e0,0x000000008b480000)
 Metaspace       used 80903K, capacity 84166K, committed 85672K, reserved 1124352K
  class space    used 10708K, capacity 11404K, committed 11696K, reserved 1048576K
GC Heap History (10 events):
Event: 13.420 GC heap before
{Heap before GC invocations=13 (full 3):
 PSYoungGen      total 389632K, used 371712K [0x00000000d5580000, 0x00000000f4a80000, 0x0000000100000000)
  eden space 371712K, 100% used [0x00000000d5580000,0x00000000ec080000,0x00000000ec080000)
  from space 17920K, 0% used [0x00000000ec080000,0x00000000ec080000,0x00000000ed200000)
  to   space 27648K, 0% used [0x00000000f2f80000,0x00000000f2f80000,0x00000000f4a80000)
 ParOldGen       total 148992K, used 47137K [0x0000000080000000, 0x0000000089180000, 0x00000000d5580000)
  object space 148992K, 31% used [0x0000000080000000,0x0000000082e084e8,0x0000000089180000)
 Metaspace       used 72458K, capacity 76326K, committed 76456K, reserved 1116160K
  class space    used 9933K, capacity 10670K, committed 10672K, reserved 1048576K
Event: 13.447 GC heap after
Heap after GC invocations=13 (full 3):
 PSYoungGen      total 468480K, used 27631K [0x00000000d5580000, 0x00000000f4a80000, 0x0000000100000000)
  eden space 440832K, 0% used [0x00000000d5580000,0x00000000d5580000,0x00000000f0400000)
  from space 27648K, 99% used [0x00000000f2f80000,0x00000000f4a7be00,0x00000000f4a80000)
  to   space 34304K, 0% used [0x00000000f0780000,0x00000000f0780000,0x00000000f2900000)
 ParOldGen       total 148992K, used 54181K [0x0000000080000000, 0x0000000089180000, 0x00000000d5580000)
  object space 148992K, 36% used [0x0000000080000000,0x00000000834e97b8,0x0000000089180000)
 Metaspace       used 72458K, capacity 76326K, committed 76456K, reserved 1116160K
  class space    used 9933K, capacity 10670K, committed 10672K, reserved 1048576K
}
Event: 16.946 GC heap before
{Heap before GC invocations=14 (full 3):
 PSYoungGen      total 468480K, used 468463K [0x00000000d5580000, 0x00000000f4a80000, 0x0000000100000000)
  eden space 440832K, 100% used [0x00000000d5580000,0x00000000f0400000,0x00000000f0400000)
  from space 27648K, 99% used [0x00000000f2f80000,0x00000000f4a7be00,0x00000000f4a80000)
  to   space 34304K, 0% used [0x00000000f0780000,0x00000000f0780000,0x00000000f2900000)
 ParOldGen       total 148992K, used 54181K [0x0000000080000000, 0x0000000089180000, 0x00000000d5580000)
  object space 148992K, 36% used [0x0000000080000000,0x00000000834e97b8,0x0000000089180000)
 Metaspace       used 74701K, capacity 78782K, committed 79016K, reserved 1118208K
  class space    used 10166K, capacity 10928K, committed 10928K, reserved 1048576K
Event: 16.983 GC heap after
Heap after GC invocations=14 (full 3):
 PSYoungGen      total 478720K, used 34293K [0x00000000d5580000, 0x00000000fa380000, 0x0000000100000000)
  eden space 444416K, 0% used [0x00000000d5580000,0x00000000d5580000,0x00000000f0780000)
  from space 34304K, 99% used [0x00000000f0780000,0x00000000f28fd5f0,0x00000000f2900000)
  to   space 42496K, 0% used [0x00000000f7a00000,0x00000000f7a00000,0x00000000fa380000)
 ParOldGen       total 148992K, used 60822K [0x0000000080000000, 0x0000000089180000, 0x00000000d5580000)
  object space 148992K, 40% used [0x0000000080000000,0x0000000083b65800,0x0000000089180000)
 Metaspace       used 74701K, capacity 78782K, committed 79016K, reserved 1118208K
  class space    used 10166K, capacity 10928K, committed 10928K, reserved 1048576K
}
Event: 18.790 GC heap before
{Heap before GC invocations=15 (full 3):
 PSYoungGen      total 478720K, used 478709K [0x00000000d5580000, 0x00000000fa380000, 0x0000000100000000)
  eden space 444416K, 100% used [0x00000000d5580000,0x00000000f0780000,0x00000000f0780000)
  from space 34304K, 99% used [0x00000000f0780000,0x00000000f28fd5f0,0x00000000f2900000)
  to   space 42496K, 0% used [0x00000000f7a00000,0x00000000f7a00000,0x00000000fa380000)
 ParOldGen       total 148992K, used 60822K [0x0000000080000000, 0x0000000089180000, 0x00000000d5580000)
  object space 148992K, 40% used [0x0000000080000000,0x0000000083b65800,0x0000000089180000)
 Metaspace       used 74905K, capacity 79044K, committed 79400K, reserved 1118208K
  class space    used 10167K, capacity 10929K, committed 11056K, reserved 1048576K
Event: 18.829 GC heap after
Heap after GC invocations=15 (full 3):
 PSYoungGen      total 543744K, used 42465K [0x00000000d5580000, 0x00000000fd200000, 0x0000000100000000)
  eden space 501248K, 0% used [0x00000000d5580000,0x00000000d5580000,0x00000000f3f00000)
  from space 42496K, 99% used [0x00000000f7a00000,0x00000000fa3786b0,0x00000000fa380000)
  to   space 60416K, 0% used [0x00000000f3f00000,0x00000000f3f00000,0x00000000f7a00000)
 ParOldGen       total 148992K, used 90519K [0x0000000080000000, 0x0000000089180000, 0x00000000d5580000)
  object space 148992K, 60% used [0x0000000080000000,0x0000000085865d00,0x0000000089180000)
 Metaspace       used 74905K, capacity 79044K, committed 79400K, reserved 1118208K
  class space    used 10167K, capacity 10929K, committed 11056K, reserved 1048576K
}
Event: 21.658 GC heap before
{Heap before GC invocations=16 (full 3):
 PSYoungGen      total 543744K, used 543713K [0x00000000d5580000, 0x00000000fd200000, 0x0000000100000000)
  eden space 501248K, 100% used [0x00000000d5580000,0x00000000f3f00000,0x00000000f3f00000)
  from space 42496K, 99% used [0x00000000f7a00000,0x00000000fa3786b0,0x00000000fa380000)
  to   space 60416K, 0% used [0x00000000f3f00000,0x00000000f3f00000,0x00000000f7a00000)
 ParOldGen       total 148992K, used 90519K [0x0000000080000000, 0x0000000089180000, 0x00000000d5580000)
  object space 148992K, 60% used [0x0000000080000000,0x0000000085865d00,0x0000000089180000)
 Metaspace       used 78051K, capacity 82292K, committed 82472K, reserved 1120256K
  class space    used 10481K, capacity 11291K, committed 11312K, reserved 1048576K
Event: 21.770 GC heap after
Heap after GC invocations=16 (full 3):
 PSYoungGen      total 561664K, used 60413K [0x00000000d5580000, 0x00000000fd200000, 0x0000000100000000)
  eden space 501248K, 0% used [0x00000000d5580000,0x00000000d5580000,0x00000000f3f00000)
  from space 60416K, 99% used [0x00000000f3f00000,0x00000000f79ff600,0x00000000f7a00000)
  to   space 42496K, 0% used [0x00000000f7a00000,0x00000000f7a00000,0x00000000fa380000)
 ParOldGen       total 184832K, used 184033K [0x0000000080000000, 0x000000008b480000, 0x00000000d5580000)
  object space 184832K, 99% used [0x0000000080000000,0x000000008b3b8770,0x000000008b480000)
 Metaspace       used 78051K, capacity 82292K, committed 82472K, reserved 1120256K
  class space    used 10481K, capacity 11291K, committed 11312K, reserved 1048576K
}
Event: 21.771 GC heap before
{Heap before GC invocations=17 (full 4):
 PSYoungGen      total 561664K, used 60413K [0x00000000d5580000, 0x00000000fd200000, 0x0000000100000000)
  eden space 501248K, 0% used [0x00000000d5580000,0x00000000d5580000,0x00000000f3f00000)
  from space 60416K, 99% used [0x00000000f3f00000,0x00000000f79ff600,0x00000000f7a00000)
  to   space 42496K, 0% used [0x00000000f7a00000,0x00000000f7a00000,0x00000000fa380000)
 ParOldGen       total 184832K, used 184033K [0x0000000080000000, 0x000000008b480000, 0x00000000d5580000)
  object space 184832K, 99% used [0x0000000080000000,0x000000008b3b8770,0x000000008b480000)
 Metaspace       used 78051K, capacity 82292K, committed 82472K, reserved 1120256K
  class space    used 10481K, capacity 11291K, committed 11312K, reserved 1048576K
Event: 22.148 GC heap after
Heap after GC invocations=17 (full 4):
 PSYoungGen      total 561664K, used 0K [0x00000000d5580000, 0x00000000fd200000, 0x0000000100000000)
  eden space 501248K, 0% used [0x00000000d5580000,0x00000000d5580000,0x00000000f3f00000)
  from space 60416K, 0% used [0x00000000f3f00000,0x00000000f3f00000,0x00000000f7a00000)
  to   space 42496K, 0% used [0x00000000f7a00000,0x00000000f7a00000,0x00000000fa380000)
 ParOldGen       total 184832K, used 157877K [0x0000000080000000, 0x000000008b480000, 0x00000000d5580000)
  object space 184832K, 85% used [0x0000000080000000,0x0000000089a2d6e0,0x000000008b480000)
 Metaspace       used 77578K, capacity 80876K, committed 82472K, reserved 1120256K
  class space    used 10333K, capacity 11031K, committed 11312K, reserved 1048576K
}

