# JRE version: OpenJDK Runtime Environment (8.0_242-b01) (build 1.8.0_242-release-1644-b01)
# Java VM: OpenJDK 64-Bit Server VM (25.242-b01 mixed mode windows-amd64 compressed oops)
Heap:
 PSYoungGen      total 425472K, used 151925K [0x00000000d5580000, 0x00000000f4100000, 0x0000000100000000)
  eden space 353792K, 38% used [0x00000000d5580000,0x00000000ddbfb3a8,0x00000000eaf00000)
  from space 71680K, 19% used [0x00000000efb00000,0x00000000f08e2c08,0x00000000f4100000)
  to   space 74752K, 0% used [0x00000000eaf00000,0x00000000eaf00000,0x00000000ef800000)
 ParOldGen       total 285184K, used 145473K [0x0000000080000000, 0x0000000091680000, 0x00000000d5580000)
  object space 285184K, 51% used [0x0000000080000000,0x0000000088e10580,0x0000000091680000)
 Metaspace       used 80977K, capacity 84300K, committed 85672K, reserved 1124352K
  class space    used 10703K, capacity 11393K, committed 11696K, reserved 1048576K
GC Heap History (10 events):
Event: 18.186 GC heap before
{Heap before GC invocations=20 (full 3):
 PSYoungGen      total 303616K, used 287180K [0x00000000d5580000, 0x00000000ea580000, 0x0000000100000000)
  eden space 265216K, 100% used [0x00000000d5580000,0x00000000e5880000,0x00000000e5880000)
  from space 38400K, 57% used [0x00000000e7e00000,0x00000000e9373218,0x00000000ea380000)
  to   space 38400K, 0% used [0x00000000e5880000,0x00000000e5880000,0x00000000e7e00000)
 ParOldGen       total 133632K, used 65414K [0x0000000080000000, 0x0000000088280000, 0x00000000d5580000)
  object space 133632K, 48% used [0x0000000080000000,0x0000000083fe1908,0x0000000088280000)
 Metaspace       used 74700K, capacity 78820K, committed 79144K, reserved 1118208K
  class space    used 10139K, capacity 10933K, committed 11056K, reserved 1048576K
Event: 18.213 GC heap after
Heap after GC invocations=20 (full 3):
 PSYoungGen      total 303616K, used 38396K [0x00000000d5580000, 0x00000000edb00000, 0x0000000100000000)
  eden space 265216K, 0% used [0x00000000d5580000,0x00000000d5580000,0x00000000e5880000)
  from space 38400K, 99% used [0x00000000e5880000,0x00000000e7dff3b8,0x00000000e7e00000)
  to   space 48128K, 0% used [0x00000000eac00000,0x00000000eac00000,0x00000000edb00000)
 ParOldGen       total 133632K, used 75409K [0x0000000080000000, 0x0000000088280000, 0x00000000d5580000)
  object space 133632K, 56% used [0x0000000080000000,0x00000000849a4590,0x0000000088280000)
 Metaspace       used 74700K, capacity 78820K, committed 79144K, reserved 1118208K
  class space    used 10139K, capacity 10933K, committed 11056K, reserved 1048576K
}
Event: 18.931 GC heap before
{Heap before GC invocations=21 (full 3):
 PSYoungGen      total 303616K, used 303612K [0x00000000d5580000, 0x00000000edb00000, 0x0000000100000000)
  eden space 265216K, 100% used [0x00000000d5580000,0x00000000e5880000,0x00000000e5880000)
  from space 38400K, 99% used [0x00000000e5880000,0x00000000e7dff3b8,0x00000000e7e00000)
  to   space 48128K, 0% used [0x00000000eac00000,0x00000000eac00000,0x00000000edb00000)
 ParOldGen       total 133632K, used 75409K [0x0000000080000000, 0x0000000088280000, 0x00000000d5580000)
  object space 133632K, 56% used [0x0000000080000000,0x00000000849a4590,0x0000000088280000)
 Metaspace       used 74714K, capacity 78884K, committed 79144K, reserved 1118208K
  class space    used 10140K, capacity 10933K, committed 11056K, reserved 1048576K
Event: 18.964 GC heap after
Heap after GC invocations=21 (full 3):
 PSYoungGen      total 347648K, used 35561K [0x00000000d5580000, 0x00000000ee700000, 0x0000000100000000)
  eden space 299520K, 0% used [0x00000000d5580000,0x00000000d5580000,0x00000000e7a00000)
  from space 48128K, 73% used [0x00000000eac00000,0x00000000eceba420,0x00000000edb00000)
  to   space 51200K, 0% used [0x00000000e7a00000,0x00000000e7a00000,0x00000000eac00000)
 ParOldGen       total 133632K, used 95086K [0x0000000080000000, 0x0000000088280000, 0x00000000d5580000)
  object space 133632K, 71% used [0x0000000080000000,0x0000000085cdbbe8,0x0000000088280000)
 Metaspace       used 74714K, capacity 78884K, committed 79144K, reserved 1118208K
  class space    used 10140K, capacity 10933K, committed 11056K, reserved 1048576K
}
Event: 19.842 GC heap before
{Heap before GC invocations=22 (full 3):
 PSYoungGen      total 347648K, used 335081K [0x00000000d5580000, 0x00000000ee700000, 0x0000000100000000)
  eden space 299520K, 100% used [0x00000000d5580000,0x00000000e7a00000,0x00000000e7a00000)
  from space 48128K, 73% used [0x00000000eac00000,0x00000000eceba420,0x00000000edb00000)
  to   space 51200K, 0% used [0x00000000e7a00000,0x00000000e7a00000,0x00000000eac00000)
 ParOldGen       total 133632K, used 95088K [0x0000000080000000, 0x0000000088280000, 0x00000000d5580000)
  object space 133632K, 71% used [0x0000000080000000,0x0000000085cdc108,0x0000000088280000)
 Metaspace       used 77596K, capacity 81798K, committed 81960K, reserved 1120256K
  class space    used 10440K, capacity 11218K, committed 11312K, reserved 1048576K
Event: 19.892 GC heap after
Heap after GC invocations=22 (full 3):
 PSYoungGen      total 350720K, used 51189K [0x00000000d5580000, 0x00000000f4600000, 0x0000000100000000)
  eden space 299520K, 0% used [0x00000000d5580000,0x00000000d5580000,0x00000000e7a00000)
  from space 51200K, 99% used [0x00000000e7a00000,0x00000000eabfd460,0x00000000eac00000)
  to   space 76800K, 0% used [0x00000000efb00000,0x00000000efb00000,0x00000000f4600000)
 ParOldGen       total 150528K, used 142598K [0x0000000080000000, 0x0000000089300000, 0x00000000d5580000)
  object space 150528K, 94% used [0x0000000080000000,0x0000000088b41b88,0x0000000089300000)
 Metaspace       used 77596K, capacity 81798K, committed 81960K, reserved 1120256K
  class space    used 10440K, capacity 11218K, committed 11312K, reserved 1048576K
}
Event: 19.892 GC heap before
{Heap before GC invocations=23 (full 4):
 PSYoungGen      total 350720K, used 51189K [0x00000000d5580000, 0x00000000f4600000, 0x0000000100000000)
  eden space 299520K, 0% used [0x00000000d5580000,0x00000000d5580000,0x00000000e7a00000)
  from space 51200K, 99% used [0x00000000e7a00000,0x00000000eabfd460,0x00000000eac00000)
  to   space 76800K, 0% used [0x00000000efb00000,0x00000000efb00000,0x00000000f4600000)
 ParOldGen       total 150528K, used 142598K [0x0000000080000000, 0x0000000089300000, 0x00000000d5580000)
  object space 150528K, 94% used [0x0000000080000000,0x0000000088b41b88,0x0000000089300000)
 Metaspace       used 77596K, capacity 81798K, committed 81960K, reserved 1120256K
  class space    used 10440K, capacity 11218K, committed 11312K, reserved 1048576K
Event: 20.096 GC heap after
Heap after GC invocations=23 (full 4):
 PSYoungGen      total 350720K, used 0K [0x00000000d5580000, 0x00000000f4600000, 0x0000000100000000)
  eden space 299520K, 0% used [0x00000000d5580000,0x00000000d5580000,0x00000000e7a00000)
  from space 51200K, 0% used [0x00000000e7a00000,0x00000000e7a00000,0x00000000eac00000)
  to   space 76800K, 0% used [0x00000000efb00000,0x00000000efb00000,0x00000000f4600000)
 ParOldGen       total 285184K, used 145454K [0x0000000080000000, 0x0000000091680000, 0x00000000d5580000)
  object space 285184K, 51% used [0x0000000080000000,0x0000000088e0bba8,0x0000000091680000)
 Metaspace       used 77093K, capacity 80272K, committed 81960K, reserved 1120256K
  class space    used 10282K, capacity 10939K, committed 11312K, reserved 1048576K
}
Event: 21.744 GC heap before
{Heap before GC invocations=24 (full 4):
 PSYoungGen      total 350720K, used 299520K [0x00000000d5580000, 0x00000000f4600000, 0x0000000100000000)
  eden space 299520K, 100% used [0x00000000d5580000,0x00000000e7a00000,0x00000000e7a00000)
  from space 51200K, 0% used [0x00000000e7a00000,0x00000000e7a00000,0x00000000eac00000)
  to   space 76800K, 0% used [0x00000000efb00000,0x00000000efb00000,0x00000000f4600000)
 ParOldGen       total 285184K, used 145465K [0x0000000080000000, 0x0000000091680000, 0x00000000d5580000)
  object space 285184K, 51% used [0x0000000080000000,0x0000000088e0e580,0x0000000091680000)
 Metaspace       used 80297K, capacity 83544K, committed 85160K, reserved 1122304K
  class space    used 10633K, capacity 11309K, committed 11696K, reserved 1048576K
Event: 21.760 GC heap after
Heap after GC invocations=24 (full 4):
 PSYoungGen      total 425472K, used 14219K [0x00000000d5580000, 0x00000000f4100000, 0x0000000100000000)
  eden space 353792K, 0% used [0x00000000d5580000,0x00000000d5580000,0x00000000eaf00000)
  from space 71680K, 19% used [0x00000000efb00000,0x00000000f08e2c08,0x00000000f4100000)
  to   space 74752K, 0% used [0x00000000eaf00000,0x00000000eaf00000,0x00000000ef800000)
 ParOldGen       total 285184K, used 145473K [0x0000000080000000, 0x0000000091680000, 0x00000000d5580000)
  object space 285184K, 51% used [0x0000000080000000,0x0000000088e10580,0x0000000091680000)
 Metaspace       used 80297K, capacity 83544K, committed 85160K, reserved 1122304K
  class space    used 10633K, capacity 11309K, committed 11696K, reserved 1048576K
}

