# JRE version: OpenJDK Runtime Environment (8.0_242-b01) (build 1.8.0_242-release-1644-b01)
# Java VM: OpenJDK 64-Bit Server VM (25.242-b01 mixed mode windows-amd64 compressed oops)
Heap:
 PSYoungGen      total 416768K, used 172901K [0x00000000d5580000, 0x00000000f2d80000, 0x0000000100000000)
  eden space 350208K, 38% used [0x00000000d5580000,0x00000000dda85658,0x00000000eab80000)
  from space 66560K, 55% used [0x00000000eab80000,0x00000000ecf54078,0x00000000eec80000)
  to   space 61440K, 0% used [0x00000000ef180000,0x00000000ef180000,0x00000000f2d80000)
 ParOldGen       total 282624K, used 143696K [0x0000000080000000, 0x0000000091400000, 0x00000000d5580000)
  object space 282624K, 50% used [0x0000000080000000,0x0000000088c540d8,0x0000000091400000)
 Metaspace       used 85031K, capacity 88380K, committed 89128K, reserved 1126400K
  class space    used 11167K, capacity 11851K, committed 12080K, reserved 1048576K
GC Heap History (10 events):
Event: 17.348 GC heap before
{Heap before GC invocations=21 (full 3):
 PSYoungGen      total 296448K, used 296437K [0x00000000d5580000, 0x00000000ed000000, 0x0000000100000000)
  eden space 263168K, 100% used [0x00000000d5580000,0x00000000e5680000,0x00000000e5680000)
  from space 33280K, 99% used [0x00000000e5680000,0x00000000e76fd738,0x00000000e7700000)
  to   space 44544K, 0% used [0x00000000ea480000,0x00000000ea480000,0x00000000ed000000)
 ParOldGen       total 131584K, used 80079K [0x0000000080000000, 0x0000000088080000, 0x00000000d5580000)
  object space 131584K, 60% used [0x0000000080000000,0x0000000084e33e10,0x0000000088080000)
 Metaspace       used 74732K, capacity 78614K, committed 78760K, reserved 1118208K
  class space    used 10116K, capacity 10848K, committed 10928K, reserved 1048576K
Event: 17.373 GC heap after
Heap after GC invocations=21 (full 3):
 PSYoungGen      total 342528K, used 26793K [0x00000000d5580000, 0x00000000ed900000, 0x0000000100000000)
  eden space 297984K, 0% used [0x00000000d5580000,0x00000000d5580000,0x00000000e7880000)
  from space 44544K, 60% used [0x00000000ea480000,0x00000000ebeaa498,0x00000000ed000000)
  to   space 45056K, 0% used [0x00000000e7880000,0x00000000e7880000,0x00000000ea480000)
 ParOldGen       total 131584K, used 100670K [0x0000000080000000, 0x0000000088080000, 0x00000000d5580000)
  object space 131584K, 76% used [0x0000000080000000,0x000000008624fb78,0x0000000088080000)
 Metaspace       used 74732K, capacity 78614K, committed 78760K, reserved 1118208K
  class space    used 10116K, capacity 10848K, committed 10928K, reserved 1048576K
}
Event: 18.057 GC heap before
{Heap before GC invocations=22 (full 3):
 PSYoungGen      total 342528K, used 324777K [0x00000000d5580000, 0x00000000ed900000, 0x0000000100000000)
  eden space 297984K, 100% used [0x00000000d5580000,0x00000000e7880000,0x00000000e7880000)
  from space 44544K, 60% used [0x00000000ea480000,0x00000000ebeaa498,0x00000000ed000000)
  to   space 45056K, 0% used [0x00000000e7880000,0x00000000e7880000,0x00000000ea480000)
 ParOldGen       total 131584K, used 100670K [0x0000000080000000, 0x0000000088080000, 0x00000000d5580000)
  object space 131584K, 76% used [0x0000000080000000,0x000000008624fb78,0x0000000088080000)
 Metaspace       used 77337K, capacity 81260K, committed 81320K, reserved 1120256K
  class space    used 10386K, capacity 11131K, committed 11184K, reserved 1048576K
Event: 18.089 GC heap after
Heap after GC invocations=22 (full 3):
 PSYoungGen      total 343040K, used 45041K [0x00000000d5580000, 0x00000000f3500000, 0x0000000100000000)
  eden space 297984K, 0% used [0x00000000d5580000,0x00000000d5580000,0x00000000e7880000)
  from space 45056K, 99% used [0x00000000e7880000,0x00000000ea47c4d0,0x00000000ea480000)
  to   space 69120K, 0% used [0x00000000ef180000,0x00000000ef180000,0x00000000f3500000)
 ParOldGen       total 148480K, used 146598K [0x0000000080000000, 0x0000000089100000, 0x00000000d5580000)
  object space 148480K, 98% used [0x0000000080000000,0x0000000088f29b78,0x0000000089100000)
 Metaspace       used 77337K, capacity 81260K, committed 81320K, reserved 1120256K
  class space    used 10386K, capacity 11131K, committed 11184K, reserved 1048576K
}
Event: 18.089 GC heap before
{Heap before GC invocations=23 (full 4):
 PSYoungGen      total 343040K, used 45041K [0x00000000d5580000, 0x00000000f3500000, 0x0000000100000000)
  eden space 297984K, 0% used [0x00000000d5580000,0x00000000d5580000,0x00000000e7880000)
  from space 45056K, 99% used [0x00000000e7880000,0x00000000ea47c4d0,0x00000000ea480000)
  to   space 69120K, 0% used [0x00000000ef180000,0x00000000ef180000,0x00000000f3500000)
 ParOldGen       total 148480K, used 146598K [0x0000000080000000, 0x0000000089100000, 0x00000000d5580000)
  object space 148480K, 98% used [0x0000000080000000,0x0000000088f29b78,0x0000000089100000)
 Metaspace       used 77337K, capacity 81260K, committed 81320K, reserved 1120256K
  class space    used 10386K, capacity 11131K, committed 11184K, reserved 1048576K
Event: 18.270 GC heap after
Heap after GC invocations=23 (full 4):
 PSYoungGen      total 343040K, used 0K [0x00000000d5580000, 0x00000000f3500000, 0x0000000100000000)
  eden space 297984K, 0% used [0x00000000d5580000,0x00000000d5580000,0x00000000e7880000)
  from space 45056K, 0% used [0x00000000e7880000,0x00000000e7880000,0x00000000ea480000)
  to   space 69120K, 0% used [0x00000000ef180000,0x00000000ef180000,0x00000000f3500000)
 ParOldGen       total 282624K, used 143680K [0x0000000080000000, 0x0000000091400000, 0x00000000d5580000)
  object space 282624K, 50% used [0x0000000080000000,0x0000000088c500d8,0x0000000091400000)
 Metaspace       used 76989K, capacity 80194K, committed 81320K, reserved 1120256K
  class space    used 10275K, capacity 10936K, committed 11184K, reserved 1048576K
}
Event: 20.398 GC heap before
{Heap before GC invocations=24 (full 4):
 PSYoungGen      total 343040K, used 297984K [0x00000000d5580000, 0x00000000f3500000, 0x0000000100000000)
  eden space 297984K, 100% used [0x00000000d5580000,0x00000000e7880000,0x00000000e7880000)
  from space 45056K, 0% used [0x00000000e7880000,0x00000000e7880000,0x00000000ea480000)
  to   space 69120K, 0% used [0x00000000ef180000,0x00000000ef180000,0x00000000f3500000)
 ParOldGen       total 282624K, used 143680K [0x0000000080000000, 0x0000000091400000, 0x00000000d5580000)
  object space 282624K, 50% used [0x0000000080000000,0x0000000088c500d8,0x0000000091400000)
 Metaspace       used 80343K, capacity 83594K, committed 84776K, reserved 1122304K
  class space    used 10646K, capacity 11306K, committed 11568K, reserved 1048576K
Event: 20.409 GC heap after
Heap after GC invocations=24 (full 4):
 PSYoungGen      total 411648K, used 14754K [0x00000000d5580000, 0x00000000f2d80000, 0x0000000100000000)
  eden space 350208K, 0% used [0x00000000d5580000,0x00000000d5580000,0x00000000eab80000)
  from space 61440K, 24% used [0x00000000ef180000,0x00000000effe88d0,0x00000000f2d80000)
  to   space 66560K, 0% used [0x00000000eab80000,0x00000000eab80000,0x00000000eec80000)
 ParOldGen       total 282624K, used 143688K [0x0000000080000000, 0x0000000091400000, 0x00000000d5580000)
  object space 282624K, 50% used [0x0000000080000000,0x0000000088c520d8,0x0000000091400000)
 Metaspace       used 80343K, capacity 83594K, committed 84776K, reserved 1122304K
  class space    used 10646K, capacity 11306K, committed 11568K, reserved 1048576K
}
Event: 23.169 GC heap before
{Heap before GC invocations=25 (full 4):
 PSYoungGen      total 411648K, used 364962K [0x00000000d5580000, 0x00000000f2d80000, 0x0000000100000000)
  eden space 350208K, 100% used [0x00000000d5580000,0x00000000eab80000,0x00000000eab80000)
  from space 61440K, 24% used [0x00000000ef180000,0x00000000effe88d0,0x00000000f2d80000)
  to   space 66560K, 0% used [0x00000000eab80000,0x00000000eab80000,0x00000000eec80000)
 ParOldGen       total 282624K, used 143688K [0x0000000080000000, 0x0000000091400000, 0x00000000d5580000)
  object space 282624K, 50% used [0x0000000080000000,0x0000000088c520d8,0x0000000091400000)
 Metaspace       used 83046K, capacity 86450K, committed 87336K, reserved 1124352K
  class space    used 10904K, capacity 11618K, committed 11824K, reserved 1048576K
Event: 23.192 GC heap after
Heap after GC invocations=25 (full 4):
 PSYoungGen      total 416768K, used 36688K [0x00000000d5580000, 0x00000000f2d80000, 0x0000000100000000)
  eden space 350208K, 0% used [0x00000000d5580000,0x00000000d5580000,0x00000000eab80000)
  from space 66560K, 55% used [0x00000000eab80000,0x00000000ecf54078,0x00000000eec80000)
  to   space 61440K, 0% used [0x00000000ef180000,0x00000000ef180000,0x00000000f2d80000)
 ParOldGen       total 282624K, used 143696K [0x0000000080000000, 0x0000000091400000, 0x00000000d5580000)
  object space 282624K, 50% used [0x0000000080000000,0x0000000088c540d8,0x0000000091400000)
 Metaspace       used 83046K, capacity 86450K, committed 87336K, reserved 1124352K
  class space    used 10904K, capacity 11618K, committed 11824K, reserved 1048576K
}

