# JRE version: OpenJDK Runtime Environment (8.0_242-b01) (build 1.8.0_242-release-1644-b01)
# Java VM: OpenJDK 64-Bit Server VM (25.242-b01 mixed mode windows-amd64 compressed oops)
Heap:
 PSYoungGen      total 546816K, used 275845K [0x00000000d5580000, 0x00000000ff180000, 0x0000000100000000)
  eden space 425984K, 53% used [0x00000000d5580000,0x00000000e34d0430,0x00000000ef580000)
  from space 120832K, 39% used [0x00000000f7b80000,0x00000000fa991280,0x00000000ff180000)
  to   space 129024K, 0% used [0x00000000ef580000,0x00000000ef580000,0x00000000f7380000)
 ParOldGen       total 460288K, used 434508K [0x0000000080000000, 0x000000009c180000, 0x00000000d5580000)
  object space 460288K, 94% used [0x0000000080000000,0x000000009a8533c8,0x000000009c180000)
 Metaspace       used 244111K, capacity 256302K, committed 258088K, reserved 1275904K
  class space    used 28870K, capacity 30955K, committed 31536K, reserved 1048576K
GC Heap History (10 events):
Event: 5697.527 GC heap before
{Heap before GC invocations=148 (full 6):
 PSYoungGen      total 560128K, used 491636K [0x00000000d5580000, 0x00000000ffb00000, 0x0000000100000000)
  eden space 430080K, 100% used [0x00000000d5580000,0x00000000ef980000,0x00000000ef980000)
  from space 130048K, 47% used [0x00000000ef980000,0x00000000f359d350,0x00000000f7880000)
  to   space 124928K, 0% used [0x00000000f8100000,0x00000000f8100000,0x00000000ffb00000)
 ParOldGen       total 460288K, used 397671K [0x0000000080000000, 0x000000009c180000, 0x00000000d5580000)
  object space 460288K, 86% used [0x0000000080000000,0x0000000098459c98,0x000000009c180000)
 Metaspace       used 236256K, capacity 248268K, committed 250280K, reserved 1269760K
  class space    used 27985K, capacity 30038K, committed 30640K, reserved 1048576K
Event: 5697.563 GC heap after
Heap after GC invocations=148 (full 6):
 PSYoungGen      total 560640K, used 40133K [0x00000000d5580000, 0x00000000ff300000, 0x0000000100000000)
  eden space 443904K, 0% used [0x00000000d5580000,0x00000000d5580000,0x00000000f0700000)
  from space 116736K, 34% used [0x00000000f8100000,0x00000000fa8317f8,0x00000000ff300000)
  to   space 120832K, 0% used [0x00000000f0700000,0x00000000f0700000,0x00000000f7d00000)
 ParOldGen       total 460288K, used 397759K [0x0000000080000000, 0x000000009c180000, 0x00000000d5580000)
  object space 460288K, 86% used [0x0000000080000000,0x000000009846fc98,0x000000009c180000)
 Metaspace       used 236256K, capacity 248268K, committed 250280K, reserved 1269760K
  class space    used 27985K, capacity 30038K, committed 30640K, reserved 1048576K
}
Event: 5699.793 GC heap before
{Heap before GC invocations=149 (full 6):
 PSYoungGen      total 560640K, used 484037K [0x00000000d5580000, 0x00000000ff300000, 0x0000000100000000)
  eden space 443904K, 100% used [0x00000000d5580000,0x00000000f0700000,0x00000000f0700000)
  from space 116736K, 34% used [0x00000000f8100000,0x00000000fa8317f8,0x00000000ff300000)
  to   space 120832K, 0% used [0x00000000f0700000,0x00000000f0700000,0x00000000f7d00000)
 ParOldGen       total 460288K, used 397759K [0x0000000080000000, 0x000000009c180000, 0x00000000d5580000)
  object space 460288K, 86% used [0x0000000080000000,0x000000009846fc98,0x000000009c180000)
 Metaspace       used 243971K, capacity 256136K, committed 257832K, reserved 1275904K
  class space    used 28867K, capacity 30950K, committed 31536K, reserved 1048576K
Event: 5699.868 GC heap after
Heap after GC invocations=149 (full 6):
 PSYoungGen      total 564736K, used 120823K [0x00000000d5580000, 0x0000000100000000, 0x0000000100000000)
  eden space 443904K, 0% used [0x00000000d5580000,0x00000000d5580000,0x00000000f0700000)
  from space 120832K, 99% used [0x00000000f0700000,0x00000000f7cfddc0,0x00000000f7d00000)
  to   space 134144K, 0% used [0x00000000f7d00000,0x00000000f7d00000,0x0000000100000000)
 ParOldGen       total 460288K, used 404293K [0x0000000080000000, 0x000000009c180000, 0x00000000d5580000)
  object space 460288K, 87% used [0x0000000080000000,0x0000000098ad1470,0x000000009c180000)
 Metaspace       used 243971K, capacity 256136K, committed 257832K, reserved 1275904K
  class space    used 28867K, capacity 30950K, committed 31536K, reserved 1048576K
}
Event: 5712.711 GC heap before
{Heap before GC invocations=150 (full 6):
 PSYoungGen      total 564736K, used 564727K [0x00000000d5580000, 0x0000000100000000, 0x0000000100000000)
  eden space 443904K, 100% used [0x00000000d5580000,0x00000000f0700000,0x00000000f0700000)
  from space 120832K, 99% used [0x00000000f0700000,0x00000000f7cfddc0,0x00000000f7d00000)
  to   space 134144K, 0% used [0x00000000f7d00000,0x00000000f7d00000,0x0000000100000000)
 ParOldGen       total 460288K, used 404293K [0x0000000080000000, 0x000000009c180000, 0x00000000d5580000)
  object space 460288K, 87% used [0x0000000080000000,0x0000000098ad1470,0x000000009c180000)
 Metaspace       used 243992K, capacity 256142K, committed 257832K, reserved 1275904K
  class space    used 28867K, capacity 30951K, committed 31536K, reserved 1048576K
Event: 5712.742 GC heap after
Heap after GC invocations=150 (full 6):
 PSYoungGen      total 558592K, used 38062K [0x00000000d5580000, 0x0000000100000000, 0x0000000100000000)
  eden space 424448K, 0% used [0x00000000d5580000,0x00000000d5580000,0x00000000ef400000)
  from space 134144K, 28% used [0x00000000f7d00000,0x00000000fa22bb58,0x0000000100000000)
  to   space 137216K, 0% used [0x00000000ef400000,0x00000000ef400000,0x00000000f7a00000)
 ParOldGen       total 460288K, used 413351K [0x0000000080000000, 0x000000009c180000, 0x00000000d5580000)
  object space 460288K, 89% used [0x0000000080000000,0x00000000993a9d80,0x000000009c180000)
 Metaspace       used 243992K, capacity 256142K, committed 257832K, reserved 1275904K
  class space    used 28867K, capacity 30951K, committed 31536K, reserved 1048576K
}
Event: 5714.235 GC heap before
{Heap before GC invocations=151 (full 6):
 PSYoungGen      total 558592K, used 462510K [0x00000000d5580000, 0x0000000100000000, 0x0000000100000000)
  eden space 424448K, 100% used [0x00000000d5580000,0x00000000ef400000,0x00000000ef400000)
  from space 134144K, 28% used [0x00000000f7d00000,0x00000000fa22bb58,0x0000000100000000)
  to   space 137216K, 0% used [0x00000000ef400000,0x00000000ef400000,0x00000000f7a00000)
 ParOldGen       total 460288K, used 413351K [0x0000000080000000, 0x000000009c180000, 0x00000000d5580000)
  object space 460288K, 89% used [0x0000000080000000,0x00000000993a9d80,0x000000009c180000)
 Metaspace       used 244049K, capacity 256226K, committed 258088K, reserved 1275904K
  class space    used 28870K, capacity 30955K, committed 31536K, reserved 1048576K
Event: 5714.284 GC heap after
Heap after GC invocations=151 (full 6):
 PSYoungGen      total 561664K, used 22160K [0x00000000d5580000, 0x0000000100000000, 0x0000000100000000)
  eden space 424448K, 0% used [0x00000000d5580000,0x00000000d5580000,0x00000000ef400000)
  from space 137216K, 16% used [0x00000000ef400000,0x00000000f09a4200,0x00000000f7a00000)
  to   space 135680K, 0% used [0x00000000f7b80000,0x00000000f7b80000,0x0000000100000000)
 ParOldGen       total 460288K, used 428259K [0x0000000080000000, 0x000000009c180000, 0x00000000d5580000)
  object space 460288K, 93% used [0x0000000080000000,0x000000009a238d90,0x000000009c180000)
 Metaspace       used 244049K, capacity 256226K, committed 258088K, reserved 1275904K
  class space    used 28870K, capacity 30955K, committed 31536K, reserved 1048576K
}
Event: 5715.500 GC heap before
{Heap before GC invocations=152 (full 6):
 PSYoungGen      total 561664K, used 446608K [0x00000000d5580000, 0x0000000100000000, 0x0000000100000000)
  eden space 424448K, 100% used [0x00000000d5580000,0x00000000ef400000,0x00000000ef400000)
  from space 137216K, 16% used [0x00000000ef400000,0x00000000f09a4200,0x00000000f7a00000)
  to   space 135680K, 0% used [0x00000000f7b80000,0x00000000f7b80000,0x0000000100000000)
 ParOldGen       total 460288K, used 428259K [0x0000000080000000, 0x000000009c180000, 0x00000000d5580000)
  object space 460288K, 93% used [0x0000000080000000,0x000000009a238d90,0x000000009c180000)
 Metaspace       used 244081K, capacity 256298K, committed 258088K, reserved 1275904K
  class space    used 28870K, capacity 30955K, committed 31536K, reserved 1048576K
Event: 5715.585 GC heap after
Heap after GC invocations=152 (full 6):
 PSYoungGen      total 546816K, used 47172K [0x00000000d5580000, 0x00000000ff180000, 0x0000000100000000)
  eden space 425984K, 0% used [0x00000000d5580000,0x00000000d5580000,0x00000000ef580000)
  from space 120832K, 39% used [0x00000000f7b80000,0x00000000fa991280,0x00000000ff180000)
  to   space 129024K, 0% used [0x00000000ef580000,0x00000000ef580000,0x00000000f7380000)
 ParOldGen       total 460288K, used 434508K [0x0000000080000000, 0x000000009c180000, 0x00000000d5580000)
  object space 460288K, 94% used [0x0000000080000000,0x000000009a8533c8,0x000000009c180000)
 Metaspace       used 244081K, capacity 256298K, committed 258088K, reserved 1275904K
  class space    used 28870K, capacity 30955K, committed 31536K, reserved 1048576K
}

